3_Implenetation/project_main.c:71:17: warning: %d in format string (no. 1) requires 'int *' but the argument type is 'signed int'. [invalidScanfArgType_int]
                scanf("%d",e.age);
                ^
3_Implenetation/project_main.c:73:17: warning: %f in format string (no. 1) requires 'float *' but the argument type is 'float'. [invalidScanfArgType_float]
                scanf("%f",e.bs);
                ^
3_Implenetation/project_main.c:147:17: warning: %d in format string (no. 1) requires 'int *' but the argument type is 'signed int'. [invalidScanfArgType_int]
                scanf("%d",e.age);
                ^
3_Implenetation/project_main.c:149:17: warning: %f in format string (no. 1) requires 'float *' but the argument type is 'float'. [invalidScanfArgType_float]
                scanf("%f",e.bs);
                ^
3_Implenetation/project_main.c:58:9: portability: fflush() called on input stream 'stdin' may result in undefined behaviour on non-linux systems. [fflushOnInputStream]
        fflush(stdin);
        ^
3_Implenetation/project_main.c:76:17: portability: fflush() called on input stream 'stdin' may result in undefined behaviour on non-linux systems. [fflushOnInputStream]
                fflush(stdin);
                ^
3_Implenetation/project_main.c:108:17: portability: fflush() called on input stream 'stdin' may result in undefined behaviour on non-linux systems. [fflushOnInputStream]
                fflush(stdin);
                ^
3_Implenetation/project_main.c:134:17: portability: fflush() called on input stream 'stdin' may result in undefined behaviour on non-linux systems. [fflushOnInputStream]
                fflush(stdin);
                ^
3_Implenetation/project_main.c:152:17: portability: fflush() called on input stream 'stdin' may result in undefined behaviour on non-linux systems. [fflushOnInputStream]
                fflush(stdin);
                ^
3_Implenetation/project_main.c:69:17: warning: scanf() without field width limits can crash with huge input data. [invalidscanf]
                scanf("%s",e.name);
                ^
3_Implenetation/project_main.c:94:17: warning: scanf() without field width limits can crash with huge input data. [invalidscanf]
                scanf("%s",empname);
                ^
3_Implenetation/project_main.c:101:25: warning: scanf() without field width limits can crash with huge input data. [invalidscanf]
                        scanf("%s%d%f",e.name,&e.age,&e.bs);
                        ^
3_Implenetation/project_main.c:118:17: warning: scanf() without field width limits can crash with huge input data. [invalidscanf]
                scanf("%s",empname);
                ^
3_Implenetation/project_main.c:145:17: warning: scanf() without field width limits can crash with huge input data. [invalidscanf]
                scanf("%s",e.name);
                ^
3_Implenetation/project_main.c:5:18: style: The scope of the variable 'choice' can be reduced. [variableScope]
    char another,choice;
                 ^
3_Implenetation/test/LMSS.c:5:10: style: Variable 'X' is assigned a value that is never used. [unreadVariable]
    int X=x;
         ^
3_Implenetation/test/LMSS.c:6:10: style: Variable 'Y' is assigned a value that is never used. [unreadVariable]
    int Y=y;
         ^
3_Implenetation/test/test_LMS.c:0:0: information: Too many #ifdef configurations - cppcheck only checks 12 of 31 configurations. Use --force to check all configurations. [toomanyconfigs]

^
3_Implenetation/test/test_LMS.c:30:0: error: failed to expand 'RUN_TEST', Wrong number of parameters for macro 'RUN_TEST'. [preprocessorErrorDirective]
    RUN_TEST(test_gotoxy);
^
3_Implenetation/test/test_LMS.c:30:0: information: Skipping configuration 'RUN_TEST' since the value of 'RUN_TEST' is unknown. Use -D if you want to check it. You can use -U to skip it explicitly. [ConfigurationNotChecked]
    RUN_TEST(test_gotoxy);
^
3_Implenetation/test/unity_internals.h:485:0: information: Skipping configuration 'UNITY_CLOCK_MS;UNITY_EXEC_TIME_START;UNITY_EXEC_TIME_STOP;UNITY_PRINT_EXEC_TIME;UNITY_TIME_TYPE;UNITY_INCLUDE_EXEC_TIME' since the value of 'UNITY_TIME_TYPE' is unknown. Use -D if you want to check it. You can use -U to skip it explicitly. [ConfigurationNotChecked]
    UNITY_TIME_TYPE CurrentTestStartTime;
^
3_Implenetation/test/unity_internals.h:486:0: information: Skipping configuration 'UNITY_CLOCK_MS;UNITY_EXEC_TIME_START;UNITY_EXEC_TIME_STOP;UNITY_PRINT_EXEC_TIME;UNITY_TIME_TYPE;UNITY_INCLUDE_EXEC_TIME' since the value of 'UNITY_TIME_TYPE' is unknown. Use -D if you want to check it. You can use -U to skip it explicitly. [ConfigurationNotChecked]
    UNITY_TIME_TYPE CurrentTestStopTime;
^
3_Implenetation/test/unity_internals.h:485:0: information: Skipping configuration 'UNITY_EXEC_TIME_START;UNITY_EXEC_TIME_STOP;UNITY_PRINT_EXEC_TIME;UNITY_TIME_TYPE;UNITY_INCLUDE_EXEC_TIME' since the value of 'UNITY_TIME_TYPE' is unknown. Use -D if you want to check it. You can use -U to skip it explicitly. [ConfigurationNotChecked]
    UNITY_TIME_TYPE CurrentTestStartTime;
^
3_Implenetation/test/unity_internals.h:486:0: information: Skipping configuration 'UNITY_EXEC_TIME_START;UNITY_EXEC_TIME_STOP;UNITY_PRINT_EXEC_TIME;UNITY_TIME_TYPE;UNITY_INCLUDE_EXEC_TIME' since the value of 'UNITY_TIME_TYPE' is unknown. Use -D if you want to check it. You can use -U to skip it explicitly. [ConfigurationNotChecked]
    UNITY_TIME_TYPE CurrentTestStopTime;
^
3_Implenetation/test/unity_internals.h:485:0: information: Skipping configuration 'UNITY_EXEC_TIME_START;UNITY_EXEC_TIME_STOP;UNITY_PRINT_EXEC_TIME;UNITY_TIME_TYPE;UNITY_INCLUDE_EXEC_TIME;_WIN32' since the value of 'UNITY_TIME_TYPE' is unknown. Use -D if you want to check it. You can use -U to skip it explicitly. [ConfigurationNotChecked]
    UNITY_TIME_TYPE CurrentTestStartTime;
^
3_Implenetation/test/unity_internals.h:486:0: information: Skipping configuration 'UNITY_EXEC_TIME_START;UNITY_EXEC_TIME_STOP;UNITY_PRINT_EXEC_TIME;UNITY_TIME_TYPE;UNITY_INCLUDE_EXEC_TIME;_WIN32' since the value of 'UNITY_TIME_TYPE' is unknown. Use -D if you want to check it. You can use -U to skip it explicitly. [ConfigurationNotChecked]
    UNITY_TIME_TYPE CurrentTestStopTime;
^
3_Implenetation/test/unity_internals.h:485:0: information: Skipping configuration 'UNITY_EXEC_TIME_START;UNITY_EXEC_TIME_STOP;UNITY_PRINT_EXEC_TIME;UNITY_TIME_TYPE;UNITY_INCLUDE_EXEC_TIME;__APPLE__;__unix__' since the value of 'UNITY_TIME_TYPE' is unknown. Use -D if you want to check it. You can use -U to skip it explicitly. [ConfigurationNotChecked]
    UNITY_TIME_TYPE CurrentTestStartTime;
^
3_Implenetation/test/unity_internals.h:486:0: information: Skipping configuration 'UNITY_EXEC_TIME_START;UNITY_EXEC_TIME_STOP;UNITY_PRINT_EXEC_TIME;UNITY_TIME_TYPE;UNITY_INCLUDE_EXEC_TIME;__APPLE__;__unix__' since the value of 'UNITY_TIME_TYPE' is unknown. Use -D if you want to check it. You can use -U to skip it explicitly. [ConfigurationNotChecked]
    UNITY_TIME_TYPE CurrentTestStopTime;
^
3_Implenetation/test/unity.c:0:0: information: Too many #ifdef configurations - cppcheck only checks 12 of 42 configurations. Use --force to check all configurations. [toomanyconfigs]

^
3_Implenetation/test/unity.c:277:9: style: The scope of the variable 'nibble' can be reduced. [variableScope]
    int nibble;
        ^
3_Implenetation/test/unity.c:1350:18: style: The scope of the variable 'i' can be reduced. [variableScope]
    UNITY_UINT32 i;
                 ^
3_Implenetation/test/unity.c:1390:18: style: The scope of the variable 'i' can be reduced. [variableScope]
    UNITY_UINT32 i;
                 ^
3_Implenetation/test/unity.c:1514:18: style: The scope of the variable 'bytes' can be reduced. [variableScope]
    UNITY_UINT32 bytes;
                 ^
3_Implenetation/test/unity.c:1758:28: style:inconclusive: Function 'UnityFail' argument 1 names different: declaration 'message' definition 'msg'. [funcArgNamesDifferent]
void UnityFail(const char* msg, const UNITY_LINE_TYPE line)
                           ^
3_Implenetation/test/unity_internals.h:635:43: note: Function 'UnityFail' argument 1 names different: declaration 'message' definition 'msg'.
UNITY_NORETURN void UnityFail(const char* message, const UNITY_LINE_TYPE line);
                                          ^
3_Implenetation/test/unity.c:1758:28: note: Function 'UnityFail' argument 1 names different: declaration 'message' definition 'msg'.
void UnityFail(const char* msg, const UNITY_LINE_TYPE line)
                           ^
3_Implenetation/test/unity.c:1795:30: style:inconclusive: Function 'UnityIgnore' argument 1 names different: declaration 'message' definition 'msg'. [funcArgNamesDifferent]
void UnityIgnore(const char* msg, const UNITY_LINE_TYPE line)
                             ^
3_Implenetation/test/unity_internals.h:636:45: note: Function 'UnityIgnore' argument 1 names different: declaration 'message' definition 'msg'.
UNITY_NORETURN void UnityIgnore(const char* message, const UNITY_LINE_TYPE line);
                                            ^
3_Implenetation/test/unity.c:1795:30: note: Function 'UnityIgnore' argument 1 names different: declaration 'message' definition 'msg'.
void UnityIgnore(const char* msg, const UNITY_LINE_TYPE line)
                             ^
3_Implenetation/test/unity.c:1811:31: style:inconclusive: Function 'UnityMessage' argument 1 names different: declaration 'message' definition 'msg'. [funcArgNamesDifferent]
void UnityMessage(const char* msg, const UNITY_LINE_TYPE line)
                              ^
3_Implenetation/test/unity_internals.h:642:31: note: Function 'UnityMessage' argument 1 names different: declaration 'message' definition 'msg'.
void UnityMessage(const char* message, const UNITY_LINE_TYPE line);
                              ^
3_Implenetation/test/unity.c:1811:31: note: Function 'UnityMessage' argument 1 names different: declaration 'message' definition 'msg'.
void UnityMessage(const char* msg, const UNITY_LINE_TYPE line)
                              ^
3_Implenetation/test/unity.c:1431:20: style: Variable 'i' is assigned a value that is never used. [unreadVariable]
    UNITY_UINT32 i = 0;
                   ^
3_Implenetation/test/unity.c:1833:0: information: Skipping configuration 'UNITY_CLOCK_MS;UNITY_EXEC_TIME_START;UNITY_EXEC_TIME_STOP;UNITY_PRINT_EXEC_TIME;UNITY_TIME_TYPE;UNITY_INCLUDE_EXEC_TIME' since the value of 'UNITY_EXEC_TIME_START' is unknown. Use -D if you want to check it. You can use -U to skip it explicitly. [ConfigurationNotChecked]
    UNITY_EXEC_TIME_START();
^
3_Implenetation/test/unity.c:1843:0: information: Skipping configuration 'UNITY_CLOCK_MS;UNITY_EXEC_TIME_START;UNITY_EXEC_TIME_STOP;UNITY_PRINT_EXEC_TIME;UNITY_TIME_TYPE;UNITY_INCLUDE_EXEC_TIME' since the value of 'UNITY_EXEC_TIME_STOP' is unknown. Use -D if you want to check it. You can use -U to skip it explicitly. [ConfigurationNotChecked]
    UNITY_EXEC_TIME_STOP();
^
3_Implenetation/test/unity.c:559:0: information: Skipping configuration 'UNITY_CLOCK_MS;UNITY_EXEC_TIME_START;UNITY_EXEC_TIME_STOP;UNITY_PRINT_EXEC_TIME;UNITY_TIME_TYPE;UNITY_INCLUDE_EXEC_TIME' since the value of 'UNITY_PRINT_EXEC_TIME' is unknown. Use -D if you want to check it. You can use -U to skip it explicitly. [ConfigurationNotChecked]
    UNITY_PRINT_EXEC_TIME();
^
3_Implenetation/test/unity.c:1758:28: style:inconclusive: Function 'UnityFail' argument 1 names different: declaration 'message' definition 'msg'. [funcArgNamesDifferent]
void UnityFail(const char* msg, const UNITY_LINE_TYPE line)
                           ^
3_Implenetation/test/unity_internals.h:638:28: note: Function 'UnityFail' argument 1 names different: declaration 'message' definition 'msg'.
void UnityFail(const char* message, const UNITY_LINE_TYPE line);
                           ^
3_Implenetation/test/unity.c:1758:28: note: Function 'UnityFail' argument 1 names different: declaration 'message' definition 'msg'.
void UnityFail(const char* msg, const UNITY_LINE_TYPE line)
                           ^
3_Implenetation/test/unity.c:1795:30: style:inconclusive: Function 'UnityIgnore' argument 1 names different: declaration 'message' definition 'msg'. [funcArgNamesDifferent]
void UnityIgnore(const char* msg, const UNITY_LINE_TYPE line)
                             ^
3_Implenetation/test/unity_internals.h:639:30: note: Function 'UnityIgnore' argument 1 names different: declaration 'message' definition 'msg'.
void UnityIgnore(const char* message, const UNITY_LINE_TYPE line);
                             ^
3_Implenetation/test/unity.c:1795:30: note: Function 'UnityIgnore' argument 1 names different: declaration 'message' definition 'msg'.
void UnityIgnore(const char* msg, const UNITY_LINE_TYPE line)
                             ^
3_Implenetation/test/unity.c:1833:0: information: Skipping configuration 'UNITY_EXEC_TIME_START;UNITY_EXEC_TIME_STOP;UNITY_PRINT_EXEC_TIME;UNITY_TIME_TYPE;UNITY_INCLUDE_EXEC_TIME' since the value of 'UNITY_EXEC_TIME_START' is unknown. Use -D if you want to check it. You can use -U to skip it explicitly. [ConfigurationNotChecked]
    UNITY_EXEC_TIME_START();
^
3_Implenetation/test/unity.c:1843:0: information: Skipping configuration 'UNITY_EXEC_TIME_START;UNITY_EXEC_TIME_STOP;UNITY_PRINT_EXEC_TIME;UNITY_TIME_TYPE;UNITY_INCLUDE_EXEC_TIME' since the value of 'UNITY_EXEC_TIME_STOP' is unknown. Use -D if you want to check it. You can use -U to skip it explicitly. [ConfigurationNotChecked]
    UNITY_EXEC_TIME_STOP();
^
3_Implenetation/test/unity.c:559:0: information: Skipping configuration 'UNITY_EXEC_TIME_START;UNITY_EXEC_TIME_STOP;UNITY_PRINT_EXEC_TIME;UNITY_TIME_TYPE;UNITY_INCLUDE_EXEC_TIME' since the value of 'UNITY_PRINT_EXEC_TIME' is unknown. Use -D if you want to check it. You can use -U to skip it explicitly. [ConfigurationNotChecked]
    UNITY_PRINT_EXEC_TIME();
^
3_Implenetation/unity/unity_internals.h:1055:0: error: The code contains unhandled character(s) (character code=194). Neither unicode nor extended ascii is supported. [preprocessorErrorDirective]
Â© 2021 GitHub, Inc.
^
5_Report/hello.c:231:5: warning: %u in format string (no. 1) requires 'unsigned int *' but the argument type is 'signed int *'. [invalidScanfArgType_int]
    scanf("%u",&employeeId);
    ^
5_Report/hello.c:242:9: warning: %d in format string (no. 1) requires 'int' but the argument type is 'unsigned int'. [invalidPrintfArgType_sint]
        printf("\n\t\t\tEmployee id = %d\n",addEmployeeInfoInDataBase.employee_id);
        ^
5_Report/hello.c:280:5: warning: %d in format string (no. 1) requires 'int' but the argument type is 'unsigned int'. [invalidPrintfArgType_sint]
    printf("\n\t\t\tEmployee Count = %d\n\n",countEmployee);
    ^
5_Report/hello.c:151:5: portability: fflush() called on input stream 'stdin' may result in undefined behaviour on non-linux systems. [fflushOnInputStream]
    fflush(stdin);
    ^
5_Report/hello.c:156:9: portability: fflush() called on input stream 'stdin' may result in undefined behaviour on non-linux systems. [fflushOnInputStream]
        fflush(stdin);
        ^
5_Report/hello.c:168:9: portability: fflush() called on input stream 'stdin' may result in undefined behaviour on non-linux systems. [fflushOnInputStream]
        fflush(stdin);
        ^
5_Report/hello.c:180:9: portability: fflush() called on input stream 'stdin' may result in undefined behaviour on non-linux systems. [fflushOnInputStream]
        fflush(stdin);
        ^
5_Report/hello.c:190:5: portability: fflush() called on input stream 'stdin' may result in undefined behaviour on non-linux systems. [fflushOnInputStream]
    fflush(stdin);
    ^
5_Report/hello.c:230:5: portability: fflush() called on input stream 'stdin' may result in undefined behaviour on non-linux systems. [fflushOnInputStream]
    fflush(stdin);
    ^
5_Report/hello.c:256:5: portability: fflush() called on input stream 'stdin' may result in undefined behaviour on non-linux systems. [fflushOnInputStream]
    fflush(stdin);
    ^
5_Report/hello.c:299:5: portability: fflush() called on input stream 'stdin' may result in undefined behaviour on non-linux systems. [fflushOnInputStream]
    fflush(stdin);
    ^
5_Report/hello.c:368:5: portability: fflush() called on input stream 'stdin' may result in undefined behaviour on non-linux systems. [fflushOnInputStream]
    fflush(stdin);
    ^
5_Report/hello.c:371:5: portability: fflush() called on input stream 'stdin' may result in undefined behaviour on non-linux systems. [fflushOnInputStream]
    fflush(stdin);
    ^
5_Report/hello.c:379:5: portability: fflush() called on input stream 'stdin' may result in undefined behaviour on non-linux systems. [fflushOnInputStream]
    fflush(stdin);
    ^
LMS.c:80:17: warning: %d in format string (no. 1) requires 'int *' but the argument type is 'signed int'. [invalidScanfArgType_int]
                scanf("%d",e.age);
                ^
LMS.c:82:17: warning: %f in format string (no. 1) requires 'float *' but the argument type is 'float'. [invalidScanfArgType_float]
                scanf("%f",e.bs);
                ^
LMS.c:156:17: warning: %d in format string (no. 1) requires 'int *' but the argument type is 'signed int'. [invalidScanfArgType_int]
                scanf("%d",e.age);
                ^
LMS.c:158:17: warning: %f in format string (no. 1) requires 'float *' but the argument type is 'float'. [invalidScanfArgType_float]
                scanf("%f",e.bs);
                ^
LMS.c:67:9: portability: fflush() called on input stream 'stdin' may result in undefined behaviour on non-linux systems. [fflushOnInputStream]
        fflush(stdin);
        ^
LMS.c:85:17: portability: fflush() called on input stream 'stdin' may result in undefined behaviour on non-linux systems. [fflushOnInputStream]
                fflush(stdin);
                ^
LMS.c:117:17: portability: fflush() called on input stream 'stdin' may result in undefined behaviour on non-linux systems. [fflushOnInputStream]
                fflush(stdin);
                ^
LMS.c:143:17: portability: fflush() called on input stream 'stdin' may result in undefined behaviour on non-linux systems. [fflushOnInputStream]
                fflush(stdin);
                ^
LMS.c:161:17: portability: fflush() called on input stream 'stdin' may result in undefined behaviour on non-linux systems. [fflushOnInputStream]
                fflush(stdin);
                ^
LMS.c:78:17: warning: scanf() without field width limits can crash with huge input data. [invalidscanf]
                scanf("%s",e.name);
                ^
LMS.c:103:17: warning: scanf() without field width limits can crash with huge input data. [invalidscanf]
                scanf("%s",empname);
                ^
LMS.c:110:25: warning: scanf() without field width limits can crash with huge input data. [invalidscanf]
                        scanf("%s%d%f",e.name,&e.age,&e.bs);
                        ^
LMS.c:127:17: warning: scanf() without field width limits can crash with huge input data. [invalidscanf]
                scanf("%s",empname);
                ^
LMS.c:154:17: warning: scanf() without field width limits can crash with huge input data. [invalidscanf]
                scanf("%s",e.name);
                ^
LMS.c:14:18: style: The scope of the variable 'choice' can be reduced. [variableScope]
    char another,choice;
                 ^
3_Implenetation/test/unity.c:686:0: style: The function 'UnityAssertBits' is never used. [unusedFunction]

^
3_Implenetation/test/unity.c:905:0: style: The function 'UnityAssertEqualFloatArray' is never used. [unusedFunction]

^
3_Implenetation/test/unity.c:775:0: style: The function 'UnityAssertEqualIntArray' is never used. [unusedFunction]

^
3_Implenetation/test/unity.c:1503:0: style: The function 'UnityAssertEqualMemory' is never used. [unusedFunction]

^
3_Implenetation/test/unity.c:1345:0: style: The function 'UnityAssertEqualString' is never used. [unusedFunction]

^
3_Implenetation/test/unity.c:1424:0: style: The function 'UnityAssertEqualStringArray' is never used. [unusedFunction]

^
3_Implenetation/test/unity.c:1384:0: style: The function 'UnityAssertEqualStringLen' is never used. [unusedFunction]

^
3_Implenetation/test/unity.c:972:0: style: The function 'UnityAssertFloatSpecial' is never used. [unusedFunction]

^
3_Implenetation/test/unity.c:953:0: style: The function 'UnityAssertFloatsWithin' is never used. [unusedFunction]

^
3_Implenetation/test/unity.c:728:0: style: The function 'UnityAssertGreaterOrLessOrEqualNumber' is never used. [unusedFunction]

^
3_Implenetation/test/unity.c:1225:0: style: The function 'UnityAssertNumbersArrayWithin' is never used. [unusedFunction]

^
3_Implenetation/test/unity.c:1178:0: style: The function 'UnityAssertNumbersWithin' is never used. [unusedFunction]

^
3_Implenetation/test/unity.c:1758:0: style: The function 'UnityFail' is never used. [unusedFunction]

^
3_Implenetation/test/unity.c:1610:0: style: The function 'UnityFloatToPtr' is never used. [unusedFunction]

^
3_Implenetation/test/unity.c:1795:0: style: The function 'UnityIgnore' is never used. [unusedFunction]

^
3_Implenetation/test/unity.c:1811:0: style: The function 'UnityMessage' is never used. [unusedFunction]

^
3_Implenetation/test/unity.c:1584:0: style: The function 'UnityNumToPtr' is never used. [unusedFunction]

^
3_Implenetation/test/unity.c:1849:0: style: The function 'UnitySetTestFile' is never used. [unusedFunction]

^
nofile:0:0: information: Cppcheck cannot find all the include files (use --check-config for details) [missingInclude]

